<?xml version="1.0" encoding="UTF-8"?>
<!-- Generated by org.testng.reporters.JUnitReportReporter -->
<testsuite hostname="LAPTOP-QO4OF0CP" failures="0" tests="2" name="Selenium.SeleniumTest" time="0.018" errors="0" timestamp="2022-02-02T02:20:45 IST" skipped="0">
  <testcase classname="Selenium.SeleniumTest" name="elementsUi" time="0.005"/>
  <system-out/>
  <testcase classname="Selenium.SeleniumTest" name="BrowserAUtomation" time="0.013"/>
  <system-out/>
</testsuite> <!-- Selenium.SeleniumTest -->
